2020-03-02 10:04:18 [::1][-][d86288suvn3tgprc8nvtc6ke91][error][yii\base\ErrorException:8] yii\base\ErrorException: Undefined variable: form in C:\xampp\htdocs\pkl\hotel1\frontend\views\site\index.php:21
Stack trace:
#0 C:\xampp\htdocs\pkl\hotel1\frontend\views\site\index.php(21): yii\base\ErrorHandler->handleError(8, 'Undefined varia...', 'C:\\xampp\\htdocs...', 21, Array)
#1 C:\xampp\htdocs\pkl\hotel1\vendor\yiisoft\yii2\base\View.php(348): require('C:\\xampp\\htdocs...')
#2 C:\xampp\htdocs\pkl\hotel1\vendor\yiisoft\yii2\base\View.php(257): yii\base\View->renderPhpFile('C:\\xampp\\htdocs...', Array)
#3 C:\xampp\htdocs\pkl\hotel1\vendor\yiisoft\yii2\base\View.php(156): yii\base\View->renderFile('C:\\xampp\\htdocs...', Array, Object(frontend\controllers\SiteController))
#4 C:\xampp\htdocs\pkl\hotel1\vendor\yiisoft\yii2\base\Controller.php(386): yii\base\View->render('index', Array, Object(frontend\controllers\SiteController))
#5 C:\xampp\htdocs\pkl\hotel1\frontend\controllers\SiteController.php(77): yii\base\Controller->render('index')
#6 [internal function]: frontend\controllers\SiteController->actionIndex()
#7 C:\xampp\htdocs\pkl\hotel1\vendor\yiisoft\yii2\base\InlineAction.php(57): call_user_func_array(Array, Array)
#8 C:\xampp\htdocs\pkl\hotel1\vendor\yiisoft\yii2\base\Controller.php(157): yii\base\InlineAction->runWithParams(Array)
#9 C:\xampp\htdocs\pkl\hotel1\vendor\yiisoft\yii2\base\Module.php(528): yii\base\Controller->runAction('index', Array)
#10 C:\xampp\htdocs\pkl\hotel1\vendor\yiisoft\yii2\web\Application.php(103): yii\base\Module->runAction('site/index', Array)
#11 C:\xampp\htdocs\pkl\hotel1\vendor\yiisoft\yii2\base\Application.php(386): yii\web\Application->handleRequest(Object(yii\web\Request))
#12 C:\xampp\htdocs\pkl\hotel1\frontend\web\index.php(17): yii\base\Application->run()
#13 {main}
2020-03-02 10:04:18 [::1][-][d86288suvn3tgprc8nvtc6ke91][info][application] $_GET = [
    'r' => 'site/index'
]

$_POST = []

$_FILES = []

$_COOKIE = [
    'advanced-backend' => 'p9qv204pk1mgmb7jggk1vjepej'
    '_csrf-backend' => 'e8413f4c5866095cf718bfbea3690f850b15254cfd9323279dd348a962dee22ba:2:{i:0;s:13:\"_csrf-backend\";i:1;s:32:\"pmdUzKMpLRJlFXk4_v0e9Tb-yctbSuce\";}'
    'advanced-frontend' => 'd86288suvn3tgprc8nvtc6ke91'
    '_csrf-frontend' => '7912e67eef19907e80b86bc737f479c35adc754c67786cde440b8cf5d979273fa:2:{i:0;s:14:\"_csrf-frontend\";i:1;s:32:\"M-lzF1dN67gz9w6jgH0agFUob8wsLaDU\";}'
]

$_SESSION = [
    '__flash' => []
    '__captcha/site/captcha' => 'duzacie'
    '__captcha/site/captchacount' => 1
]

$_SERVER = [
    'MIBDIRS' => 'C:/xampp/php/extras/mibs'
    'MYSQL_HOME' => '\\xampp\\mysql\\bin'
    'OPENSSL_CONF' => 'C:/xampp/apache/bin/openssl.cnf'
    'PHP_PEAR_SYSCONF_DIR' => '\\xampp\\php'
    'PHPRC' => '\\xampp\\php'
    'TMP' => '\\xampp\\tmp'
    'HTTP_HOST' => 'localhost'
    'HTTP_CONNECTION' => 'keep-alive'
    'HTTP_UPGRADE_INSECURE_REQUESTS' => '1'
    'HTTP_USER_AGENT' => 'Mozilla/5.0 (Windows NT 10.0; Win64; x64) AppleWebKit/537.36 (KHTML, like Gecko) Chrome/80.0.3987.122 Safari/537.36'
    'HTTP_SEC_FETCH_DEST' => 'document'
    'HTTP_ACCEPT' => 'text/html,application/xhtml+xml,application/xml;q=0.9,image/webp,image/apng,*/*;q=0.8,application/signed-exchange;v=b3;q=0.9'
    'HTTP_SEC_FETCH_SITE' => 'same-origin'
    'HTTP_SEC_FETCH_MODE' => 'navigate'
    'HTTP_SEC_FETCH_USER' => '?1'
    'HTTP_REFERER' => 'http://localhost/pkl/hotel1/frontend/web/index.php?r=site%2Fcontact'
    'HTTP_ACCEPT_ENCODING' => 'gzip, deflate, br'
    'HTTP_ACCEPT_LANGUAGE' => 'id-ID,id;q=0.9,en-US;q=0.8,en;q=0.7,ms;q=0.6'
    'HTTP_COOKIE' => 'advanced-backend=p9qv204pk1mgmb7jggk1vjepej; _csrf-backend=e8413f4c5866095cf718bfbea3690f850b15254cfd9323279dd348a962dee22ba%3A2%3A%7Bi%3A0%3Bs%3A13%3A%22_csrf-backend%22%3Bi%3A1%3Bs%3A32%3A%22pmdUzKMpLRJlFXk4_v0e9Tb-yctbSuce%22%3B%7D; advanced-frontend=d86288suvn3tgprc8nvtc6ke91; _csrf-frontend=7912e67eef19907e80b86bc737f479c35adc754c67786cde440b8cf5d979273fa%3A2%3A%7Bi%3A0%3Bs%3A14%3A%22_csrf-frontend%22%3Bi%3A1%3Bs%3A32%3A%22M-lzF1dN67gz9w6jgH0agFUob8wsLaDU%22%3B%7D'
    'PATH' => 'C:\\Program Files (x86)\\Intel\\iCLS Client\\;C:\\Program Files\\Intel\\iCLS Client\\;C:\\Windows\\system32;C:\\Windows;C:\\Windows\\System32\\Wbem;C:\\Windows\\System32\\WindowsPowerShell\\v1.0\\;C:\\Windows\\System32\\OpenSSH\\;C:\\Program Files (x86)\\NVIDIA Corporation\\PhysX\\Common;C:\\Program Files (x86)\\Intel\\Intel(R) Management Engine Components\\DAL;C:\\Program Files\\Intel\\Intel(R) Management Engine Components\\DAL;C:\\Program Files (x86)\\Intel\\Intel(R) Management Engine Components\\IPT;C:\\Program Files\\Intel\\Intel(R) Management Engine Components\\IPT;c:\\Program Files (x86)\\Microsoft SQL Server\\100\\Tools\\Binn\\;c:\\Program Files\\Microsoft SQL Server\\100\\Tools\\Binn\\;c:\\Program Files\\Microsoft SQL Server\\100\\DTS\\Binn\\;C:\\xampp\\php;C:\\composer;C:\\Users\\key\\AppData\\Local\\Microsoft\\WindowsApps;C:\\Users\\key\\AppData\\Roaming\\Composer\\vendor\\bin'
    'SystemRoot' => 'C:\\Windows'
    'COMSPEC' => 'C:\\Windows\\system32\\cmd.exe'
    'PATHEXT' => '.COM;.EXE;.BAT;.CMD;.VBS;.VBE;.JS;.JSE;.WSF;.WSH;.MSC'
    'WINDIR' => 'C:\\Windows'
    'SERVER_SIGNATURE' => '<address>Apache/2.4.39 (Win64) OpenSSL/1.1.1b PHP/7.3.4 Server at localhost Port 80</address>
'
    'SERVER_SOFTWARE' => 'Apache/2.4.39 (Win64) OpenSSL/1.1.1b PHP/7.3.4'
    'SERVER_NAME' => 'localhost'
    'SERVER_ADDR' => '::1'
    'SERVER_PORT' => '80'
    'REMOTE_ADDR' => '::1'
    'DOCUMENT_ROOT' => 'C:/xampp/htdocs'
    'REQUEST_SCHEME' => 'http'
    'CONTEXT_PREFIX' => ''
    'CONTEXT_DOCUMENT_ROOT' => 'C:/xampp/htdocs'
    'SERVER_ADMIN' => 'postmaster@localhost'
    'SCRIPT_FILENAME' => 'C:/xampp/htdocs/pkl/hotel1/frontend/web/index.php'
    'REMOTE_PORT' => '53302'
    'GATEWAY_INTERFACE' => 'CGI/1.1'
    'SERVER_PROTOCOL' => 'HTTP/1.1'
    'REQUEST_METHOD' => 'GET'
    'QUERY_STRING' => 'r=site%2Findex'
    'REQUEST_URI' => '/pkl/hotel1/frontend/web/index.php?r=site%2Findex'
    'SCRIPT_NAME' => '/pkl/hotel1/frontend/web/index.php'
    'PHP_SELF' => '/pkl/hotel1/frontend/web/index.php'
    'REQUEST_TIME_FLOAT' => 1583139858.147
    'REQUEST_TIME' => 1583139858
]
